<?xml version="1.0" encoding="UTF-8"?>
<!-- Generated by org.testng.reporters.JUnitReportReporter -->
<testsuite hostname="Ragul" failures="0" tests="2" name="testngpackage.regtression" time="0.015" errors="0" timestamp="2025-02-02T21:48:10 IST" skipped="0">
  <testcase classname="testngpackage.regtression" name="admin" time="0.014"/>
  <system-out/>
  <testcase classname="testngpackage.regtression" name="IT" time="0.001"/>
  <system-out/>
</testsuite> <!-- testngpackage.regtression -->
