<?xml version="1.0" encoding="UTF-8"?>
<!-- Generated by org.testng.reporters.JUnitReportReporter -->
<testsuite hostname="Ragul" failures="0" tests="1" name="testngpackage.five" time="5.052" errors="0" timestamp="2025-02-02T23:34:42 IST" skipped="0">
  <testcase classname="testngpackage.five" name="demo" time="5.052"/>
  <system-out/>
</testsuite> <!-- testngpackage.five -->
