<?xml version="1.0" encoding="UTF-8"?>
<!-- Generated by org.testng.reporters.JUnitReportReporter -->
<testsuite hostname="Ragul" failures="0" tests="1" name="TESTCASES.login_tc" time="1.564" errors="0" timestamp="2025-02-05T21:38:11 IST" skipped="0">
  <testcase classname="TESTCASES.login_tc" name="testcase" time="1.564"/>
  <system-out/>
</testsuite> <!-- TESTCASES.login_tc -->
