<?xml version="1.0" encoding="UTF-8"?>
<!-- Generated by org.testng.reporters.JUnitReportReporter -->
<testsuite hostname="Ragul" failures="0" tests="3" name="testngpackage.first" time="13.651" errors="0" timestamp="2025-02-02T23:45:46 IST" skipped="0">
  <testcase classname="testngpackage.first" name="ball" time="3.509"/>
  <system-out/>
  <testcase classname="testngpackage.first" name="ball" time="5.120"/>
  <system-out/>
  <testcase classname="testngpackage.first" name="ball" time="5.022"/>
  <system-out/>
</testsuite> <!-- testngpackage.first -->
