<?xml version="1.0" encoding="UTF-8"?>
<!-- Generated by org.testng.reporters.JUnitReportReporter -->
<testsuite hostname="Ragul" failures="0" tests="1" name="testngpackage.testthree" time="0.001" errors="0" timestamp="2025-02-02T20:55:26 IST" skipped="0">
  <testcase classname="testngpackage.testthree" name="a" time="0.001"/>
  <system-out/>
</testsuite> <!-- testngpackage.testthree -->
