<?xml version="1.0" encoding="UTF-8"?>
<!-- Generated by org.testng.reporters.JUnitReportReporter -->
<testsuite hostname="Ragul" failures="0" tests="2" name="testngpackage.FUNCTIONAL" time="0.011" errors="0" timestamp="2025-02-02T21:49:16 IST" skipped="0">
  <testcase classname="testngpackage.FUNCTIONAL" name="TECHSER" time="0.010"/>
  <system-out/>
  <testcase classname="testngpackage.FUNCTIONAL" name="support" time="0.001"/>
  <system-out/>
</testsuite> <!-- testngpackage.FUNCTIONAL -->
