<?xml version="1.0" encoding="UTF-8"?>
<!-- Generated by org.testng.reporters.JUnitReportReporter -->
<testsuite hostname="Ragul" failures="0" tests="1" name="testngpackage.three" time="0.731" errors="0" timestamp="2025-02-02T23:28:07 IST" skipped="0">
  <testcase classname="testngpackage.three" name="secondstep" time="0.731"/>
  <system-out/>
</testsuite> <!-- testngpackage.three -->
