<?xml version="1.0" encoding="UTF-8"?>
<!-- Generated by org.testng.reporters.JUnitReportReporter -->
<testsuite hostname="Ragul" failures="0" tests="1" name="TESTCASES.checbox_tc" time="4.168" errors="0" timestamp="2025-02-05T21:57:23 IST" skipped="0">
  <testcase classname="TESTCASES.checbox_tc" name="info" time="4.168"/>
  <system-out/>
</testsuite> <!-- TESTCASES.checbox_tc -->
