<?xml version="1.0" encoding="UTF-8"?>
<!-- Generated by org.testng.reporters.JUnitReportReporter -->
<testsuite hostname="Ragul" failures="0" tests="3" name="testngpackage.sanity" time="0.009" errors="0" timestamp="2025-02-02T21:46:48 IST" skipped="0">
  <testcase classname="testngpackage.sanity" name="test" time="0.008"/>
  <system-out/>
  <testcase classname="testngpackage.sanity" name="dev" time="0.001"/>
  <system-out/>
  <testcase classname="testngpackage.sanity" name="BA" time="0.000"/>
  <system-out/>
</testsuite> <!-- testngpackage.sanity -->
