<?xml version="1.0" encoding="UTF-8"?>
<!-- Generated by org.testng.reporters.JUnitReportReporter -->
<testsuite hostname="Ragul" failures="0" tests="2" name="testngpackage.testone" time="0.014" errors="0" timestamp="2025-02-02T20:55:26 IST" skipped="0">
  <testcase classname="testngpackage.testone" name="m1" time="0.011"/>
  <system-out/>
  <testcase classname="testngpackage.testone" name="m2" time="0.003"/>
  <system-out/>
</testsuite> <!-- testngpackage.testone -->
